[0.013s] Invoking command in '/home/kevin/dev_ws/src/my_bot/build/my_bot': CMAKE_PREFIX_PATH=${CMAKE_PREFIX_PATH}:/opt/ros/humble /usr/bin/cmake /home/kevin/dev_ws/src/my_bot -DAMENT_CMAKE_SYMLINK_INSTALL=1 -DCMAKE_INSTALL_PREFIX=/home/kevin/dev_ws/src/my_bot/install/my_bot
[0.246s] -- The C compiler identification is GNU 11.4.0
[0.951s] -- The CXX compiler identification is GNU 11.4.0
[1.732s] -- Detecting C compiler ABI info
[2.015s] -- Detecting C compiler ABI info - done
[2.022s] -- Check for working C compiler: /usr/bin/cc - skipped
[2.032s] -- Detecting C compile features
[2.033s] -- Detecting C compile features - done
[2.037s] -- Detecting CXX compiler ABI info
[2.252s] -- Detecting CXX compiler ABI info - done
[2.264s] -- Check for working CXX compiler: /usr/bin/c++ - skipped
[2.265s] -- Detecting CXX compile features
[2.266s] -- Detecting CXX compile features - done
[2.276s] -- Found ament_cmake: 1.3.10 (/opt/ros/humble/share/ament_cmake/cmake)
[2.479s] -- Found Python3: /usr/bin/python3 (found version "3.10.12") found components: Interpreter 
[2.543s] -- Override CMake install command with custom implementation using symlinks instead of copying resources
[2.584s] -- Found ament_lint_auto: 0.12.11 (/opt/ros/humble/share/ament_lint_auto/cmake)
[2.705s] -- Added test 'copyright' to check source files copyright and LICENSE
[2.714s] -- Added test 'cppcheck' to perform static code analysis on C / C++ code
[2.715s] -- Configured cppcheck include dirs: 
[2.715s] -- Configured cppcheck exclude dirs and/or files: 
[2.722s] -- Added test 'cpplint' to check C / C++ code against the Google style
[2.723s] -- Configured cpplint exclude dirs and/or files: 
[2.724s] -- Added test 'flake8' to check Python code syntax and style conventions
[2.726s] -- Added test 'lint_cmake' to check CMake code style
[2.727s] -- Added test 'pep257' to check Python code against some of the docstring style conventions in PEP 257
[2.733s] -- Added test 'uncrustify' to check C / C++ code style
[2.733s] -- Configured uncrustify additional arguments: 
[2.734s] -- Added test 'xmllint' to check XML markup files
[2.736s] -- Configuring done
[2.738s] -- Generating done
[2.739s] -- Build files have been written to: /home/kevin/dev_ws/src/my_bot/build/my_bot
[2.744s] Invoked command in '/home/kevin/dev_ws/src/my_bot/build/my_bot' returned '0': CMAKE_PREFIX_PATH=${CMAKE_PREFIX_PATH}:/opt/ros/humble /usr/bin/cmake /home/kevin/dev_ws/src/my_bot -DAMENT_CMAKE_SYMLINK_INSTALL=1 -DCMAKE_INSTALL_PREFIX=/home/kevin/dev_ws/src/my_bot/install/my_bot
[2.745s] Invoking command in '/home/kevin/dev_ws/src/my_bot/build/my_bot': CMAKE_PREFIX_PATH=${CMAKE_PREFIX_PATH}:/opt/ros/humble /usr/bin/cmake --build /home/kevin/dev_ws/src/my_bot/build/my_bot -- -j16 -l16
[2.786s] Invoked command in '/home/kevin/dev_ws/src/my_bot/build/my_bot' returned '0': CMAKE_PREFIX_PATH=${CMAKE_PREFIX_PATH}:/opt/ros/humble /usr/bin/cmake --build /home/kevin/dev_ws/src/my_bot/build/my_bot -- -j16 -l16
[2.825s] Invoking command in '/home/kevin/dev_ws/src/my_bot/build/my_bot': CMAKE_PREFIX_PATH=${CMAKE_PREFIX_PATH}:/opt/ros/humble /usr/bin/cmake --install /home/kevin/dev_ws/src/my_bot/build/my_bot
[2.829s] -- Install configuration: ""
[2.830s] -- Execute custom install script
[2.830s] -- Symlinking: /home/kevin/dev_ws/src/my_bot/install/my_bot/share/my_bot/config/empty.yaml
[2.836s] -- Symlinking: /home/kevin/dev_ws/src/my_bot/install/my_bot/share/my_bot/config/view_bot.rviz
[2.842s] -- Symlinking: /home/kevin/dev_ws/src/my_bot/install/my_bot/share/my_bot/description/inertial_macros.xacro
[2.847s] -- Symlinking: /home/kevin/dev_ws/src/my_bot/install/my_bot/share/my_bot/description/robot.urdf.xacro
[2.852s] -- Symlinking: /home/kevin/dev_ws/src/my_bot/install/my_bot/share/my_bot/description/robot_core.xacro
[2.858s] -- Symlinking: /home/kevin/dev_ws/src/my_bot/install/my_bot/share/my_bot/launch/launch_sim.launch.py
[2.863s] -- Symlinking: /home/kevin/dev_ws/src/my_bot/install/my_bot/share/my_bot/launch/rsp.launch.py
[2.869s] -- Symlinking: /home/kevin/dev_ws/src/my_bot/install/my_bot/share/my_bot/worlds/empty.world
[2.874s] -- Symlinking: /home/kevin/dev_ws/src/my_bot/install/my_bot/share/ament_index/resource_index/package_run_dependencies/my_bot
[2.880s] -- Symlinking: /home/kevin/dev_ws/src/my_bot/install/my_bot/share/ament_index/resource_index/parent_prefix_path/my_bot
[2.885s] -- Symlinking: /home/kevin/dev_ws/src/my_bot/install/my_bot/share/my_bot/environment/ament_prefix_path.sh
[2.890s] -- Symlinking: /home/kevin/dev_ws/src/my_bot/install/my_bot/share/my_bot/environment/ament_prefix_path.dsv
[2.896s] -- Symlinking: /home/kevin/dev_ws/src/my_bot/install/my_bot/share/my_bot/environment/path.sh
[2.903s] -- Symlinking: /home/kevin/dev_ws/src/my_bot/install/my_bot/share/my_bot/environment/path.dsv
[2.913s] -- Symlinking: /home/kevin/dev_ws/src/my_bot/install/my_bot/share/my_bot/local_setup.bash
[2.922s] -- Symlinking: /home/kevin/dev_ws/src/my_bot/install/my_bot/share/my_bot/local_setup.sh
[2.930s] -- Symlinking: /home/kevin/dev_ws/src/my_bot/install/my_bot/share/my_bot/local_setup.zsh
[2.940s] -- Symlinking: /home/kevin/dev_ws/src/my_bot/install/my_bot/share/my_bot/local_setup.dsv
[2.950s] -- Symlinking: /home/kevin/dev_ws/src/my_bot/install/my_bot/share/my_bot/package.dsv
[2.960s] -- Symlinking: /home/kevin/dev_ws/src/my_bot/install/my_bot/share/ament_index/resource_index/packages/my_bot
[2.971s] -- Symlinking: /home/kevin/dev_ws/src/my_bot/install/my_bot/share/my_bot/cmake/my_botConfig.cmake
[2.980s] -- Symlinking: /home/kevin/dev_ws/src/my_bot/install/my_bot/share/my_bot/cmake/my_botConfig-version.cmake
[2.990s] -- Symlinking: /home/kevin/dev_ws/src/my_bot/install/my_bot/share/my_bot/package.xml
[3.000s] Invoked command in '/home/kevin/dev_ws/src/my_bot/build/my_bot' returned '0': CMAKE_PREFIX_PATH=${CMAKE_PREFIX_PATH}:/opt/ros/humble /usr/bin/cmake --install /home/kevin/dev_ws/src/my_bot/build/my_bot
