[0.259s] DEBUG:colcon:Command line arguments: ['/home/kevin/.local/bin/colcon', 'build', '--symlink-install']
[0.259s] DEBUG:colcon:Parsed command line arguments: Namespace(log_base=None, log_level=None, verb_name='build', build_base='build', install_base='install', merge_install=False, symlink_install=True, test_result_base=None, continue_on_error=False, executor='parallel', parallel_workers=16, event_handlers=None, ignore_user_meta=False, metas=['./colcon.meta'], base_paths=['.'], packages_ignore=None, packages_ignore_regex=None, paths=None, packages_up_to=None, packages_up_to_regex=None, packages_above=None, packages_above_and_dependencies=None, packages_above_depth=None, packages_select_by_dep=None, packages_skip_by_dep=None, packages_skip_up_to=None, packages_select_build_failed=False, packages_skip_build_finished=False, packages_select_test_failures=False, packages_skip_test_passed=False, packages_select=None, packages_skip=None, packages_select_regex=None, packages_skip_regex=None, packages_start=None, packages_end=None, allow_overriding=[], cmake_args=None, cmake_target=None, cmake_target_skip_unavailable=False, cmake_clean_cache=False, cmake_clean_first=False, cmake_force_configure=False, ament_cmake_args=None, catkin_cmake_args=None, catkin_skip_building_tests=False, verb_parser=<colcon_defaults.argument_parser.defaults.DefaultArgumentsDecorator object at 0x7fedbff31c00>, verb_extension=<colcon_core.verb.build.BuildVerb object at 0x7fedbff316f0>, main=<bound method BuildVerb.main of <colcon_core.verb.build.BuildVerb object at 0x7fedbff316f0>>)
[0.418s] Level 1:colcon.colcon_core.package_discovery:discover_packages(colcon_meta) check parameters
[0.419s] Level 1:colcon.colcon_core.package_discovery:discover_packages(recursive) check parameters
[0.419s] Level 1:colcon.colcon_core.package_discovery:discover_packages(ignore) check parameters
[0.419s] Level 1:colcon.colcon_core.package_discovery:discover_packages(path) check parameters
[0.419s] Level 1:colcon.colcon_core.package_discovery:discover_packages(colcon_meta) discover
[0.419s] Level 1:colcon.colcon_core.package_discovery:discover_packages(recursive) discover
[0.420s] INFO:colcon.colcon_core.package_discovery:Crawling recursively for packages in '/home/kevin/dev_ws/src/my_bot'
[0.420s] Level 1:colcon.colcon_core.package_identification:_identify(.) by extensions ['ignore', 'ignore_ament_install']
[0.420s] Level 1:colcon.colcon_core.package_identification:_identify(.) by extension 'ignore'
[0.420s] Level 1:colcon.colcon_core.package_identification:_identify(.) by extension 'ignore_ament_install'
[0.420s] Level 1:colcon.colcon_core.package_identification:_identify(.) by extensions ['colcon_pkg']
[0.420s] Level 1:colcon.colcon_core.package_identification:_identify(.) by extension 'colcon_pkg'
[0.421s] Level 1:colcon.colcon_core.package_identification:_identify(.) by extensions ['colcon_meta']
[0.421s] Level 1:colcon.colcon_core.package_identification:_identify(.) by extension 'colcon_meta'
[0.421s] Level 1:colcon.colcon_core.package_identification:_identify(.) by extensions ['ros']
[0.421s] Level 1:colcon.colcon_core.package_identification:_identify(.) by extension 'ros'
[0.440s] DEBUG:colcon.colcon_core.package_identification:Package '.' with type 'ros.ament_cmake' and name 'my_bot'
[0.440s] Level 1:colcon.colcon_core.package_discovery:discover_packages(recursive) using defaults
[0.440s] Level 1:colcon.colcon_core.package_discovery:discover_packages(ignore) discover
[0.440s] Level 1:colcon.colcon_core.package_discovery:discover_packages(ignore) using defaults
[0.440s] Level 1:colcon.colcon_core.package_discovery:discover_packages(path) discover
[0.440s] Level 1:colcon.colcon_core.package_discovery:discover_packages(path) using defaults
[0.470s] Level 1:colcon.colcon_core.package_discovery:discover_packages(prefix_path) check parameters
[0.470s] Level 1:colcon.colcon_core.package_discovery:discover_packages(prefix_path) discover
[0.473s] DEBUG:colcon.colcon_installed_package_information.package_discovery:Found 1 installed packages in /home/kevin/dev_ws/install
[0.474s] DEBUG:colcon.colcon_installed_package_information.package_discovery:Found 288 installed packages in /opt/ros/humble
[0.476s] Level 1:colcon.colcon_core.package_discovery:discover_packages(prefix_path) using defaults
[0.534s] Level 5:colcon.colcon_core.verb:set package 'my_bot' build argument 'cmake_args' from command line to 'None'
[0.534s] Level 5:colcon.colcon_core.verb:set package 'my_bot' build argument 'cmake_target' from command line to 'None'
[0.534s] Level 5:colcon.colcon_core.verb:set package 'my_bot' build argument 'cmake_target_skip_unavailable' from command line to 'False'
[0.534s] Level 5:colcon.colcon_core.verb:set package 'my_bot' build argument 'cmake_clean_cache' from command line to 'False'
[0.535s] Level 5:colcon.colcon_core.verb:set package 'my_bot' build argument 'cmake_clean_first' from command line to 'False'
[0.535s] Level 5:colcon.colcon_core.verb:set package 'my_bot' build argument 'cmake_force_configure' from command line to 'False'
[0.535s] Level 5:colcon.colcon_core.verb:set package 'my_bot' build argument 'ament_cmake_args' from command line to 'None'
[0.535s] Level 5:colcon.colcon_core.verb:set package 'my_bot' build argument 'catkin_cmake_args' from command line to 'None'
[0.535s] Level 5:colcon.colcon_core.verb:set package 'my_bot' build argument 'catkin_skip_building_tests' from command line to 'False'
[0.535s] DEBUG:colcon.colcon_core.verb:Building package 'my_bot' with the following arguments: {'ament_cmake_args': None, 'build_base': '/home/kevin/dev_ws/src/my_bot/build/my_bot', 'catkin_cmake_args': None, 'catkin_skip_building_tests': False, 'cmake_args': None, 'cmake_clean_cache': False, 'cmake_clean_first': False, 'cmake_force_configure': False, 'cmake_target': None, 'cmake_target_skip_unavailable': False, 'install_base': '/home/kevin/dev_ws/src/my_bot/install/my_bot', 'merge_install': False, 'path': '/home/kevin/dev_ws/src/my_bot', 'symlink_install': True, 'test_result_base': None}
[0.535s] INFO:colcon.colcon_core.executor:Executing jobs using 'parallel' executor
[0.536s] DEBUG:colcon.colcon_parallel_executor.executor.parallel:run_until_complete
[0.537s] INFO:colcon.colcon_ros.task.ament_cmake.build:Building ROS package in '/home/kevin/dev_ws/src/my_bot' with build type 'ament_cmake'
[0.538s] INFO:colcon.colcon_cmake.task.cmake.build:Building CMake package in '/home/kevin/dev_ws/src/my_bot'
[0.540s] INFO:colcon.colcon_core.plugin_system:Skipping extension 'colcon_core.shell.bat': Not used on non-Windows systems
[0.540s] INFO:colcon.colcon_core.shell:Skip shell extension 'powershell' for command environment: Not usable outside of PowerShell
[0.540s] DEBUG:colcon.colcon_core.shell:Skip shell extension 'dsv' for command environment
[0.551s] DEBUG:colcon.colcon_core.event_handler.log_command:Invoking command in '/home/kevin/dev_ws/src/my_bot/build/my_bot': CMAKE_PREFIX_PATH=${CMAKE_PREFIX_PATH}:/opt/ros/humble /usr/bin/cmake /home/kevin/dev_ws/src/my_bot -DAMENT_CMAKE_SYMLINK_INSTALL=1 -DCMAKE_INSTALL_PREFIX=/home/kevin/dev_ws/src/my_bot/install/my_bot
[3.281s] DEBUG:colcon.colcon_core.event_handler.log_command:Invoked command in '/home/kevin/dev_ws/src/my_bot/build/my_bot' returned '0': CMAKE_PREFIX_PATH=${CMAKE_PREFIX_PATH}:/opt/ros/humble /usr/bin/cmake /home/kevin/dev_ws/src/my_bot -DAMENT_CMAKE_SYMLINK_INSTALL=1 -DCMAKE_INSTALL_PREFIX=/home/kevin/dev_ws/src/my_bot/install/my_bot
[3.282s] DEBUG:colcon.colcon_core.event_handler.log_command:Invoking command in '/home/kevin/dev_ws/src/my_bot/build/my_bot': CMAKE_PREFIX_PATH=${CMAKE_PREFIX_PATH}:/opt/ros/humble /usr/bin/cmake --build /home/kevin/dev_ws/src/my_bot/build/my_bot -- -j16 -l16
[3.324s] DEBUG:colcon.colcon_core.event_handler.log_command:Invoked command in '/home/kevin/dev_ws/src/my_bot/build/my_bot' returned '0': CMAKE_PREFIX_PATH=${CMAKE_PREFIX_PATH}:/opt/ros/humble /usr/bin/cmake --build /home/kevin/dev_ws/src/my_bot/build/my_bot -- -j16 -l16
[3.362s] DEBUG:colcon.colcon_core.event_handler.log_command:Invoking command in '/home/kevin/dev_ws/src/my_bot/build/my_bot': CMAKE_PREFIX_PATH=${CMAKE_PREFIX_PATH}:/opt/ros/humble /usr/bin/cmake --install /home/kevin/dev_ws/src/my_bot/build/my_bot
[3.536s] Level 1:colcon.colcon_core.environment:create_environment_scripts_only(my_bot)
[3.537s] DEBUG:colcon.colcon_core.event_handler.log_command:Invoked command in '/home/kevin/dev_ws/src/my_bot/build/my_bot' returned '0': CMAKE_PREFIX_PATH=${CMAKE_PREFIX_PATH}:/opt/ros/humble /usr/bin/cmake --install /home/kevin/dev_ws/src/my_bot/build/my_bot
[3.540s] Level 1:colcon.colcon_core.environment:checking '/home/kevin/dev_ws/src/my_bot/install/my_bot' for CMake module files
[3.540s] Level 1:colcon.colcon_core.environment:checking '/home/kevin/dev_ws/src/my_bot/install/my_bot' for CMake config files
[3.540s] Level 1:colcon.colcon_core.shell:create_environment_hook('my_bot', 'cmake_prefix_path')
[3.541s] INFO:colcon.colcon_core.shell:Creating environment hook '/home/kevin/dev_ws/src/my_bot/install/my_bot/share/my_bot/hook/cmake_prefix_path.ps1'
[3.541s] INFO:colcon.colcon_core.shell:Creating environment descriptor '/home/kevin/dev_ws/src/my_bot/install/my_bot/share/my_bot/hook/cmake_prefix_path.dsv'
[3.542s] INFO:colcon.colcon_core.shell:Creating environment hook '/home/kevin/dev_ws/src/my_bot/install/my_bot/share/my_bot/hook/cmake_prefix_path.sh'
[3.543s] Level 1:colcon.colcon_core.environment:checking '/home/kevin/dev_ws/src/my_bot/install/my_bot/bin'
[3.543s] Level 1:colcon.colcon_core.environment:checking '/home/kevin/dev_ws/src/my_bot/install/my_bot/lib/pkgconfig/my_bot.pc'
[3.543s] Level 1:colcon.colcon_core.environment:checking '/home/kevin/dev_ws/src/my_bot/install/my_bot/lib/python3.10/site-packages'
[3.543s] Level 1:colcon.colcon_core.environment:checking '/home/kevin/dev_ws/src/my_bot/install/my_bot/bin'
[3.544s] INFO:colcon.colcon_core.shell:Creating package script '/home/kevin/dev_ws/src/my_bot/install/my_bot/share/my_bot/package.ps1'
[3.545s] INFO:colcon.colcon_core.shell:Creating package descriptor '/home/kevin/dev_ws/src/my_bot/install/my_bot/share/my_bot/package.dsv'
[3.545s] INFO:colcon.colcon_core.shell:Creating package script '/home/kevin/dev_ws/src/my_bot/install/my_bot/share/my_bot/package.sh'
[3.546s] INFO:colcon.colcon_core.shell:Creating package script '/home/kevin/dev_ws/src/my_bot/install/my_bot/share/my_bot/package.bash'
[3.547s] INFO:colcon.colcon_core.shell:Creating package script '/home/kevin/dev_ws/src/my_bot/install/my_bot/share/my_bot/package.zsh'
[3.549s] Level 1:colcon.colcon_core.environment:create_file_with_runtime_dependencies(/home/kevin/dev_ws/src/my_bot/install/my_bot/share/colcon-core/packages/my_bot)
[3.570s] Level 1:colcon.colcon_core.environment:create_environment_scripts_only(my_bot)
[3.571s] Level 1:colcon.colcon_core.environment:checking '/home/kevin/dev_ws/src/my_bot/install/my_bot' for CMake module files
[3.571s] Level 1:colcon.colcon_core.environment:checking '/home/kevin/dev_ws/src/my_bot/install/my_bot' for CMake config files
[3.571s] Level 1:colcon.colcon_core.shell:create_environment_hook('my_bot', 'cmake_prefix_path')
[3.572s] INFO:colcon.colcon_core.shell:Creating environment hook '/home/kevin/dev_ws/src/my_bot/install/my_bot/share/my_bot/hook/cmake_prefix_path.ps1'
[3.572s] INFO:colcon.colcon_core.shell:Creating environment descriptor '/home/kevin/dev_ws/src/my_bot/install/my_bot/share/my_bot/hook/cmake_prefix_path.dsv'
[3.572s] INFO:colcon.colcon_core.shell:Creating environment hook '/home/kevin/dev_ws/src/my_bot/install/my_bot/share/my_bot/hook/cmake_prefix_path.sh'
[3.573s] Level 1:colcon.colcon_core.environment:checking '/home/kevin/dev_ws/src/my_bot/install/my_bot/bin'
[3.573s] Level 1:colcon.colcon_core.environment:checking '/home/kevin/dev_ws/src/my_bot/install/my_bot/lib/pkgconfig/my_bot.pc'
[3.573s] Level 1:colcon.colcon_core.environment:checking '/home/kevin/dev_ws/src/my_bot/install/my_bot/lib/python3.10/site-packages'
[3.574s] Level 1:colcon.colcon_core.environment:checking '/home/kevin/dev_ws/src/my_bot/install/my_bot/bin'
[3.574s] INFO:colcon.colcon_core.shell:Creating package script '/home/kevin/dev_ws/src/my_bot/install/my_bot/share/my_bot/package.ps1'
[3.575s] INFO:colcon.colcon_core.shell:Creating package descriptor '/home/kevin/dev_ws/src/my_bot/install/my_bot/share/my_bot/package.dsv'
[3.575s] INFO:colcon.colcon_core.shell:Creating package script '/home/kevin/dev_ws/src/my_bot/install/my_bot/share/my_bot/package.sh'
[3.575s] INFO:colcon.colcon_core.shell:Creating package script '/home/kevin/dev_ws/src/my_bot/install/my_bot/share/my_bot/package.bash'
[3.576s] INFO:colcon.colcon_core.shell:Creating package script '/home/kevin/dev_ws/src/my_bot/install/my_bot/share/my_bot/package.zsh'
[3.576s] Level 1:colcon.colcon_core.environment:create_file_with_runtime_dependencies(/home/kevin/dev_ws/src/my_bot/install/my_bot/share/colcon-core/packages/my_bot)
[3.576s] DEBUG:colcon.colcon_parallel_executor.executor.parallel:closing loop
[3.577s] DEBUG:colcon.colcon_parallel_executor.executor.parallel:loop closed
[3.577s] DEBUG:colcon.colcon_parallel_executor.executor.parallel:run_until_complete finished with '0'
[3.578s] DEBUG:colcon.colcon_core.event_reactor:joining thread
[3.680s] INFO:colcon.colcon_core.plugin_system:Skipping extension 'colcon_notification.desktop_notification.notify_send': Could not find 'notify-send'
[3.680s] INFO:colcon.colcon_core.plugin_system:Skipping extension 'colcon_notification.desktop_notification.terminal_notifier': Not used on non-Darwin systems
[3.681s] INFO:colcon.colcon_core.plugin_system:Skipping extension 'colcon_notification.desktop_notification.win32': Not used on non-Windows systems
[3.681s] INFO:colcon.colcon_notification.desktop_notification:Sending desktop notification using 'notify2'
[3.681s] DEBUG:colcon.colcon_notification.desktop_notification.notify2:Failed to initialize notify2: org.freedesktop.DBus.Error.FileNotFound: Failed to connect to socket /run/user/1000/bus: No such file or directory
[3.681s] DEBUG:colcon.colcon_core.event_reactor:joined thread
[3.681s] INFO:colcon.colcon_core.shell:Creating prefix script '/home/kevin/dev_ws/src/my_bot/install/local_setup.ps1'
[3.682s] INFO:colcon.colcon_core.shell:Creating prefix util module '/home/kevin/dev_ws/src/my_bot/install/_local_setup_util_ps1.py'
[3.683s] INFO:colcon.colcon_core.shell:Creating prefix chain script '/home/kevin/dev_ws/src/my_bot/install/setup.ps1'
[3.684s] INFO:colcon.colcon_core.shell:Creating prefix script '/home/kevin/dev_ws/src/my_bot/install/local_setup.sh'
[3.684s] INFO:colcon.colcon_core.shell:Creating prefix util module '/home/kevin/dev_ws/src/my_bot/install/_local_setup_util_sh.py'
[3.685s] INFO:colcon.colcon_core.shell:Creating prefix chain script '/home/kevin/dev_ws/src/my_bot/install/setup.sh'
[3.685s] INFO:colcon.colcon_core.shell:Creating prefix script '/home/kevin/dev_ws/src/my_bot/install/local_setup.bash'
[3.686s] INFO:colcon.colcon_core.shell:Creating prefix chain script '/home/kevin/dev_ws/src/my_bot/install/setup.bash'
[3.686s] INFO:colcon.colcon_core.shell:Creating prefix script '/home/kevin/dev_ws/src/my_bot/install/local_setup.zsh'
[3.687s] INFO:colcon.colcon_core.shell:Creating prefix chain script '/home/kevin/dev_ws/src/my_bot/install/setup.zsh'
